[ 2017-12-17T08:31:34+08:00 ] 127.0.0.1 /web/phplearning/
INFO: [ app_init ] --START--
INFO: Run Behavior\BuildLiteBehavior [ RunTime:0.000007s ]
INFO: [ app_init ] --END-- [ RunTime:0.000229s ]
INFO: [ app_begin ] --START--
INFO: Run Behavior\ReadHtmlCacheBehavior [ RunTime:0.000329s ]
INFO: [ app_begin ] --END-- [ RunTime:0.000360s ]
NOTIC: [2] Missing argument 1 for Think\Controller::show(), called in /Applications/XAMPP/xamppfiles/htdocs/web/phplearning/Application/Home/Controller/IndexController.class.php on line 6 and defined /Applications/XAMPP/xamppfiles/htdocs/web/phplearning/ThinkPHP/Library/Think/Controller.class.php 第 68 行.
NOTIC: [8] Undefined variable: content /Applications/XAMPP/xamppfiles/htdocs/web/phplearning/ThinkPHP/Library/Think/Controller.class.php 第 69 行.
INFO: [ view_parse ] --START--
INFO: [ template_filter ] --START--
INFO: Run Behavior\ContentReplaceBehavior [ RunTime:0.000012s ]
INFO: [ template_filter ] --END-- [ RunTime:0.000041s ]
INFO: Run Behavior\ParseTemplateBehavior [ RunTime:0.004601s ]
INFO: [ view_parse ] --END-- [ RunTime:0.004651s ]
INFO: [ view_filter ] --START--
INFO: Run Behavior\WriteHtmlCacheBehavior [ RunTime:0.000289s ]
INFO: [ view_filter ] --END-- [ RunTime:0.000320s ]
INFO: [ app_end ] --START--
INFO: Run Behavior\ShowPageTraceBehavior [ RunTime:0.000838s ]
INFO: [ app_end ] --END-- [ RunTime:0.000881s ]

[ 2017-12-17T08:32:08+08:00 ] 127.0.0.1 /web/phplearning/index.php
INFO: [ app_init ] --START--
INFO: Run Behavior\BuildLiteBehavior [ RunTime:0.000006s ]
INFO: [ app_init ] --END-- [ RunTime:0.000164s ]
INFO: [ app_begin ] --START--
INFO: Run Behavior\ReadHtmlCacheBehavior [ RunTime:0.000269s ]
INFO: [ app_begin ] --END-- [ RunTime:0.000302s ]
NOTIC: [2] Missing argument 1 for Think\Controller::show(), called in /Applications/XAMPP/xamppfiles/htdocs/web/phplearning/Application/Home/Controller/IndexController.class.php on line 6 and defined /Applications/XAMPP/xamppfiles/htdocs/web/phplearning/ThinkPHP/Library/Think/Controller.class.php 第 68 行.
NOTIC: [8] Undefined variable: content /Applications/XAMPP/xamppfiles/htdocs/web/phplearning/ThinkPHP/Library/Think/Controller.class.php 第 69 行.
INFO: [ view_parse ] --START--
INFO: [ template_filter ] --START--
INFO: Run Behavior\ContentReplaceBehavior [ RunTime:0.000017s ]
INFO: [ template_filter ] --END-- [ RunTime:0.000064s ]
INFO: Run Behavior\ParseTemplateBehavior [ RunTime:0.007270s ]
INFO: [ view_parse ] --END-- [ RunTime:0.007317s ]
INFO: [ view_filter ] --START--
INFO: Run Behavior\WriteHtmlCacheBehavior [ RunTime:0.000166s ]
INFO: [ view_filter ] --END-- [ RunTime:0.000210s ]
INFO: [ app_end ] --START--
INFO: Run Behavior\ShowPageTraceBehavior [ RunTime:0.000655s ]
INFO: [ app_end ] --END-- [ RunTime:0.000924s ]

[ 2017-12-17T08:32:20+08:00 ] 127.0.0.1 /web/phplearning/index.php/
INFO: [ app_init ] --START--
INFO: Run Behavior\BuildLiteBehavior [ RunTime:0.000006s ]
INFO: [ app_init ] --END-- [ RunTime:0.000207s ]
INFO: [ app_begin ] --START--
INFO: Run Behavior\ReadHtmlCacheBehavior [ RunTime:0.000293s ]
INFO: [ app_begin ] --END-- [ RunTime:0.000324s ]
NOTIC: [2] Missing argument 1 for Think\Controller::show(), called in /Applications/XAMPP/xamppfiles/htdocs/web/phplearning/Application/Home/Controller/IndexController.class.php on line 6 and defined /Applications/XAMPP/xamppfiles/htdocs/web/phplearning/ThinkPHP/Library/Think/Controller.class.php 第 68 行.
NOTIC: [8] Undefined variable: content /Applications/XAMPP/xamppfiles/htdocs/web/phplearning/ThinkPHP/Library/Think/Controller.class.php 第 69 行.
INFO: [ view_parse ] --START--
INFO: [ template_filter ] --START--
INFO: Run Behavior\ContentReplaceBehavior [ RunTime:0.000013s ]
INFO: [ template_filter ] --END-- [ RunTime:0.000040s ]
INFO: Run Behavior\ParseTemplateBehavior [ RunTime:0.003609s ]
INFO: [ view_parse ] --END-- [ RunTime:0.003646s ]
INFO: [ view_filter ] --START--
INFO: Run Behavior\WriteHtmlCacheBehavior [ RunTime:0.000131s ]
INFO: [ view_filter ] --END-- [ RunTime:0.000155s ]
INFO: [ app_end ] --START--
INFO: Run Behavior\ShowPageTraceBehavior [ RunTime:0.000388s ]
INFO: [ app_end ] --END-- [ RunTime:0.000416s ]

[ 2017-12-17T08:39:36+08:00 ] 127.0.0.1 /web/phplearning//Index.php
INFO: [ app_init ] --START--
INFO: Run Behavior\BuildLiteBehavior [ RunTime:0.000006s ]
INFO: [ app_init ] --END-- [ RunTime:0.000155s ]
INFO: [ app_begin ] --START--
INFO: Run Behavior\ReadHtmlCacheBehavior [ RunTime:0.000342s ]
INFO: [ app_begin ] --END-- [ RunTime:0.000370s ]
NOTIC: [2] Missing argument 1 for Think\Controller::show(), called in /Applications/XAMPP/xamppfiles/htdocs/web/phplearning/Application/Home/Controller/IndexController.class.php on line 6 and defined /Applications/XAMPP/xamppfiles/htdocs/web/phplearning/ThinkPHP/Library/Think/Controller.class.php 第 68 行.
NOTIC: [8] Undefined variable: content /Applications/XAMPP/xamppfiles/htdocs/web/phplearning/ThinkPHP/Library/Think/Controller.class.php 第 69 行.
INFO: [ view_parse ] --START--
INFO: [ template_filter ] --START--
INFO: Run Behavior\ContentReplaceBehavior [ RunTime:0.000012s ]
INFO: [ template_filter ] --END-- [ RunTime:0.000039s ]
INFO: Run Behavior\ParseTemplateBehavior [ RunTime:0.004316s ]
INFO: [ view_parse ] --END-- [ RunTime:0.004354s ]
INFO: [ view_filter ] --START--
INFO: Run Behavior\WriteHtmlCacheBehavior [ RunTime:0.000285s ]
INFO: [ view_filter ] --END-- [ RunTime:0.000309s ]
INFO: [ app_end ] --START--
INFO: Run Behavior\ShowPageTraceBehavior [ RunTime:0.000526s ]
INFO: [ app_end ] --END-- [ RunTime:0.000549s ]

[ 2017-12-17T08:42:33+08:00 ] 127.0.0.1 /web/phplearning/index.php/
INFO: [ app_init ] --START--
INFO: Run Behavior\BuildLiteBehavior [ RunTime:0.000005s ]
INFO: [ app_init ] --END-- [ RunTime:0.000163s ]
INFO: [ app_begin ] --START--
INFO: Run Behavior\ReadHtmlCacheBehavior [ RunTime:0.000225s ]
INFO: [ app_begin ] --END-- [ RunTime:0.000248s ]
NOTIC: [2] Missing argument 1 for Think\Controller::show(), called in /Applications/XAMPP/xamppfiles/htdocs/web/phplearning/Application/Home/Controller/IndexController.class.php on line 6 and defined /Applications/XAMPP/xamppfiles/htdocs/web/phplearning/ThinkPHP/Library/Think/Controller.class.php 第 68 行.
NOTIC: [8] Undefined variable: content /Applications/XAMPP/xamppfiles/htdocs/web/phplearning/ThinkPHP/Library/Think/Controller.class.php 第 69 行.
INFO: [ view_parse ] --START--
INFO: [ template_filter ] --START--
INFO: Run Behavior\ContentReplaceBehavior [ RunTime:0.000013s ]
INFO: [ template_filter ] --END-- [ RunTime:0.000041s ]
INFO: Run Behavior\ParseTemplateBehavior [ RunTime:0.002429s ]
INFO: [ view_parse ] --END-- [ RunTime:0.002454s ]
INFO: [ view_filter ] --START--
INFO: Run Behavior\WriteHtmlCacheBehavior [ RunTime:0.000104s ]
INFO: [ view_filter ] --END-- [ RunTime:0.000121s ]
INFO: [ app_end ] --START--
INFO: Run Behavior\ShowPageTraceBehavior [ RunTime:0.000278s ]
INFO: [ app_end ] --END-- [ RunTime:0.000295s ]

[ 2017-12-17T08:50:00+08:00 ] 127.0.0.1 /web/phplearning/
INFO: [ app_init ] --START--
INFO: Run Behavior\BuildLiteBehavior [ RunTime:0.000012s ]
INFO: [ app_init ] --END-- [ RunTime:0.001072s ]
INFO: [ app_begin ] --START--
INFO: Run Behavior\ReadHtmlCacheBehavior [ RunTime:0.000564s ]
INFO: [ app_begin ] --END-- [ RunTime:0.000601s ]
NOTIC: [2] Missing argument 1 for Think\Controller::show(), called in /Applications/XAMPP/xamppfiles/htdocs/web/phplearning/Application/Home/Controller/IndexController.class.php on line 6 and defined /Applications/XAMPP/xamppfiles/htdocs/web/phplearning/ThinkPHP/Library/Think/Controller.class.php 第 68 行.
NOTIC: [8] Undefined variable: content /Applications/XAMPP/xamppfiles/htdocs/web/phplearning/ThinkPHP/Library/Think/Controller.class.php 第 69 行.
INFO: [ view_parse ] --START--
INFO: [ template_filter ] --START--
INFO: Run Behavior\ContentReplaceBehavior [ RunTime:0.000012s ]
INFO: [ template_filter ] --END-- [ RunTime:0.000040s ]
INFO: Run Behavior\ParseTemplateBehavior [ RunTime:0.005566s ]
INFO: [ view_parse ] --END-- [ RunTime:0.005639s ]
INFO: [ view_filter ] --START--
INFO: Run Behavior\WriteHtmlCacheBehavior [ RunTime:0.000279s ]
INFO: [ view_filter ] --END-- [ RunTime:0.000302s ]
INFO: [ app_end ] --START--
INFO: Run Behavior\ShowPageTraceBehavior [ RunTime:0.000780s ]
INFO: [ app_end ] --END-- [ RunTime:0.000816s ]

[ 2017-12-17T09:06:49+08:00 ] 127.0.0.1 /web/phplearning/
INFO: [ app_init ] --START--
INFO: Run Behavior\BuildLiteBehavior [ RunTime:0.000012s ]
INFO: [ app_init ] --END-- [ RunTime:0.000303s ]
INFO: [ app_begin ] --START--
INFO: Run Behavior\ReadHtmlCacheBehavior [ RunTime:0.001214s ]
INFO: [ app_begin ] --END-- [ RunTime:0.001331s ]
NOTIC: [2] Missing argument 1 for Think\Controller::show(), called in /Applications/XAMPP/xamppfiles/htdocs/web/phplearning/Application/Home/Controller/IndexController.class.php on line 6 and defined /Applications/XAMPP/xamppfiles/htdocs/web/phplearning/ThinkPHP/Library/Think/Controller.class.php 第 68 行.
NOTIC: [8] Undefined variable: content /Applications/XAMPP/xamppfiles/htdocs/web/phplearning/ThinkPHP/Library/Think/Controller.class.php 第 69 行.
INFO: [ view_parse ] --START--
INFO: [ template_filter ] --START--
INFO: Run Behavior\ContentReplaceBehavior [ RunTime:0.000019s ]
INFO: [ template_filter ] --END-- [ RunTime:0.000055s ]
INFO: Run Behavior\ParseTemplateBehavior [ RunTime:0.003251s ]
INFO: [ view_parse ] --END-- [ RunTime:0.003293s ]
INFO: [ view_filter ] --START--
INFO: Run Behavior\WriteHtmlCacheBehavior [ RunTime:0.000078s ]
INFO: [ view_filter ] --END-- [ RunTime:0.000092s ]
INFO: [ app_end ] --START--
INFO: Run Behavior\ShowPageTraceBehavior [ RunTime:0.000269s ]
INFO: [ app_end ] --END-- [ RunTime:0.000286s ]

[ 2017-12-17T12:00:54+08:00 ] 127.0.0.1 /web/phplearning/admin.php?c=menu&a=add
INFO: [ app_init ] --START--
INFO: Run Behavior\BuildLiteBehavior [ RunTime:0.000010s ]
INFO: [ app_init ] --END-- [ RunTime:0.000281s ]
INFO: [ app_begin ] --START--
INFO: Run Behavior\ReadHtmlCacheBehavior [ RunTime:0.000416s ]
INFO: [ app_begin ] --END-- [ RunTime:0.000466s ]
ERR: 无法加载控制器:Menu

[ 2017-12-17T12:11:39+08:00 ] 127.0.0.1 /web/phplearning/admin.php?c=menu&a=add
ERR: 无法加载控制器:Menu

[ 2017-12-17T12:12:42+08:00 ] 127.0.0.1 /web/phplearning/admin.php?c=menu&a=add
ERR: 无法加载控制器:Menu

[ 2017-12-17T12:13:41+08:00 ] 127.0.0.1 /web/phplearning/admin.php?c=menu&a=add
ERR: 无法加载控制器:Menu

[ 2017-12-17T12:14:46+08:00 ] 127.0.0.1 /web/phplearning/admin.php?c=menu&a=add
ERR: 无法加载控制器:Menu

[ 2017-12-17T12:15:27+08:00 ] 127.0.0.1 /web/phplearning/admin.php?c=menu&a=add
ERR: 无法加载控制器:Menu

[ 2017-12-17T12:15:27+08:00 ] 127.0.0.1 /web/phplearning/admin.php?c=menu&a=add
ERR: 无法加载控制器:Menu

[ 2017-12-17T12:21:30+08:00 ] 127.0.0.1 /web/phplearning/admin.php?c=menu&a=add
ERR: 无法加载控制器:Menu

[ 2017-12-17T12:22:53+08:00 ] 127.0.0.1 /web/phplearning/admin.php?c=menu&a=add
ERR: 无法加载控制器:Menu

[ 2017-12-17T12:24:00+08:00 ] 127.0.0.1 /web/phplearning/admin.php?c=menu&a=add
ERR: 无法加载控制器:Menu

[ 2017-12-17T12:24:09+08:00 ] 127.0.0.1 /web/phplearning/Admin.php?c=menu&a=add
ERR: 无法加载控制器:Menu

[ 2017-12-17T12:24:12+08:00 ] 127.0.0.1 /web/phplearning/admin.php?c=menu&a=add
ERR: 无法加载控制器:Menu

[ 2017-12-17T12:26:58+08:00 ] 127.0.0.1 /web/phplearning/Admin.php?c=menu&a=add
ERR: 无法加载控制器:Menu

[ 2017-12-17T12:28:17+08:00 ] 127.0.0.1 /web/phplearning/admin.php?c=menu&a=add
ERR: 无法加载控制器:Menu

[ 2017-12-17T12:31:22+08:00 ] 127.0.0.1 /web/phplearning/admin.php?c=menu&a=add
ERR: 无法加载控制器:Menu

[ 2017-12-17T12:32:55+08:00 ] 127.0.0.1 /web/phplearning/admin.php?c=menu&a=add
ERR: 无法加载控制器:Menu

[ 2017-12-17T12:36:23+08:00 ] 127.0.0.1 /web/phplearning/Admin.php?c=menu&a=add
ERR: 无法加载控制器:Menu

[ 2017-12-17T12:36:26+08:00 ] 127.0.0.1 /web/phplearning/Admin.php?c=menu&a=add
ERR: 无法加载控制器:Menu

[ 2017-12-17T12:36:29+08:00 ] 127.0.0.1 /web/phplearning/Admin.php?c=menu&a=add
ERR: 无法加载控制器:Menu

[ 2017-12-17T12:36:41+08:00 ] 127.0.0.1 /web/phplearning/admin.php?c=menu&a=add
ERR: 无法加载控制器:Menu

[ 2017-12-17T12:39:49+08:00 ] 127.0.0.1 /web/phplearning/Admin.php?c=menu&a=add
ERR: 无法加载控制器:Menu

[ 2017-12-17T14:49:33+08:00 ] 127.0.0.1 /web/phplearning/
INFO: [ app_init ] --START--
INFO: Run Behavior\BuildLiteBehavior [ RunTime:0.000009s ]
INFO: [ app_init ] --END-- [ RunTime:0.000527s ]
INFO: [ app_begin ] --START--
INFO: Run Behavior\ReadHtmlCacheBehavior [ RunTime:0.000534s ]
INFO: [ app_begin ] --END-- [ RunTime:0.000564s ]
NOTIC: [2] Missing argument 1 for Think\Controller::show(), called in /Applications/XAMPP/xamppfiles/htdocs/web/phplearning/Application/Home/Controller/IndexController.class.php on line 6 and defined /Applications/XAMPP/xamppfiles/htdocs/web/phplearning/ThinkPHP/Library/Think/Controller.class.php 第 68 行.
NOTIC: [8] Undefined variable: content /Applications/XAMPP/xamppfiles/htdocs/web/phplearning/ThinkPHP/Library/Think/Controller.class.php 第 69 行.
INFO: [ view_parse ] --START--
INFO: [ template_filter ] --START--
INFO: Run Behavior\ContentReplaceBehavior [ RunTime:0.000012s ]
INFO: [ template_filter ] --END-- [ RunTime:0.000039s ]
INFO: Run Behavior\ParseTemplateBehavior [ RunTime:0.004437s ]
INFO: [ view_parse ] --END-- [ RunTime:0.004463s ]
INFO: [ view_filter ] --START--
INFO: Run Behavior\WriteHtmlCacheBehavior [ RunTime:0.000268s ]
INFO: [ view_filter ] --END-- [ RunTime:0.000290s ]
INFO: [ app_end ] --START--
INFO: Run Behavior\ShowPageTraceBehavior [ RunTime:0.000499s ]
INFO: [ app_end ] --END-- [ RunTime:0.000522s ]

[ 2017-12-17T16:55:54+08:00 ] 127.0.0.1 /web/phplearning/index.php
INFO: [ app_init ] --START--
INFO: Run Behavior\BuildLiteBehavior [ RunTime:0.000007s ]
INFO: [ app_init ] --END-- [ RunTime:0.000204s ]
INFO: [ app_begin ] --START--
INFO: Run Behavior\ReadHtmlCacheBehavior [ RunTime:0.000680s ]
INFO: [ app_begin ] --END-- [ RunTime:0.000729s ]
NOTIC: [2] Missing argument 1 for Think\Controller::show(), called in /Applications/XAMPP/xamppfiles/htdocs/web/phplearning/Application/Home/Controller/IndexController.class.php on line 6 and defined /Applications/XAMPP/xamppfiles/htdocs/web/phplearning/ThinkPHP/Library/Think/Controller.class.php 第 68 行.
NOTIC: [8] Undefined variable: content /Applications/XAMPP/xamppfiles/htdocs/web/phplearning/ThinkPHP/Library/Think/Controller.class.php 第 69 行.
INFO: [ view_parse ] --START--
INFO: [ template_filter ] --START--
INFO: Run Behavior\ContentReplaceBehavior [ RunTime:0.000013s ]
INFO: [ template_filter ] --END-- [ RunTime:0.000044s ]
INFO: Run Behavior\ParseTemplateBehavior [ RunTime:0.005141s ]
INFO: [ view_parse ] --END-- [ RunTime:0.005219s ]
INFO: [ view_filter ] --START--
INFO: Run Behavior\WriteHtmlCacheBehavior [ RunTime:0.000355s ]
INFO: [ view_filter ] --END-- [ RunTime:0.000388s ]
INFO: [ app_end ] --START--
INFO: Run Behavior\ShowPageTraceBehavior [ RunTime:0.000743s ]
INFO: [ app_end ] --END-- [ RunTime:0.000805s ]

[ 2017-12-17T17:00:41+08:00 ] 127.0.0.1 /web/phplearning/index.php?c=menu
INFO: [ app_init ] --START--
INFO: Run Behavior\BuildLiteBehavior [ RunTime:0.000010s ]
INFO: [ app_init ] --END-- [ RunTime:0.000284s ]
INFO: [ app_begin ] --START--
INFO: Run Behavior\ReadHtmlCacheBehavior [ RunTime:0.000817s ]
INFO: [ app_begin ] --END-- [ RunTime:0.000882s ]
ERR: 无法加载控制器:Menu

